Arguments: 
  C:\Program Files\nodejs\node.exe C:\Users\prasn\AppData\Roaming\npm\node_modules\yarn\bin\yarn.js add @types/expo-storage

PATH: 
  C:\Program Files\Eclipse Adoptium\jdk-11.0.17.8-hotspot\bin;C:\Python311\Scripts\;C:\Python311\;C:\WINDOWS\system32;C:\WINDOWS;C:\WINDOWS\System32\Wbem;C:\WINDOWS\System32\WindowsPowerShell\v1.0\;C:\WINDOWS\System32\OpenSSH\;C:\ProgramData\chocolatey\bin;C:\Program Files\Git\cmd;C:\Program Files\Docker\Docker\resources\bin;C:\Users\prasn\AppData\Local\Android\Sdk\emulator;C:\Users\prasn\AppData\Local\Android\Sdk\tools;C:\Users\prasn\AppData\Local\Android\Sdk\tools\bin;C:\Users\prasn\AppData\Local\Android\Sdk\platform-tools;C:\Users\prasn\AppData\Roaming\nvm;C:\Program Files\nodejs;C:\Users\prasn\AppData\Local\Microsoft\WindowsApps;C:\Users\prasn\AppData\Roaming\npm;C:\Users\prasn\AppData\Local\Programs\Microsoft VS Code\bin;C:\Users\prasn\AppData\Local\gitkraken\bin;C:\Program Files\JetBrains\DataGrip 2022.3.2\bin;;C:\Users\prasn\AppData\Local\Programs\Hyper\resources\bin;C:\Users\prasn\AppData\Roaming\nvm;C:\Program Files\nodejs;C:\Users\prasn\AppData\Local\Programs\oh-my-posh\bin;C:\Users\prasn\AppData\Local\GitHubDesktop\bin

Yarn version: 
  1.22.19

Node version: 
  16.13.0

Platform: 
  win32 x64

Trace: 
  Error: https://registry.yarnpkg.com/@types%2fexpo-storage: Not found
      at Request.params.callback [as _callback] (C:\Users\prasn\AppData\Roaming\npm\node_modules\yarn\lib\cli.js:66145:18)
      at Request.self.callback (C:\Users\prasn\AppData\Roaming\npm\node_modules\yarn\lib\cli.js:140890:22)
      at Request.emit (node:events:390:28)
      at Request.<anonymous> (C:\Users\prasn\AppData\Roaming\npm\node_modules\yarn\lib\cli.js:141862:10)
      at Request.emit (node:events:390:28)
      at IncomingMessage.<anonymous> (C:\Users\prasn\AppData\Roaming\npm\node_modules\yarn\lib\cli.js:141784:12)
      at Object.onceWrapper (node:events:509:28)
      at IncomingMessage.emit (node:events:402:35)
      at endReadableNT (node:internal/streams/readable:1343:12)
      at processTicksAndRejections (node:internal/process/task_queues:83:21)

npm manifest: 
  {
    "name": "myapp",
    "version": "1.0.0",
    "main": "node_modules/expo/AppEntry.js",
    "scripts": {
      "start": "expo start",
      "android": "expo start --android",
      "ios": "expo start --ios",
      "web": "expo start --web"
    },
    "dependencies": {
      "@expo-google-fonts/inter": "^0.2.2",
      "@expo/vector-icons": "^13.0.0",
      "@react-navigation/native": "^6.1.2",
      "@react-navigation/native-stack": "^6.9.8",
      "axios": "^1.2.3",
      "expo": "~47.0.12",
      "expo-font": "~11.0.1",
      "expo-status-bar": "~1.4.2",
      "expo-storage": "^47.0.0",
      "react": "18.1.0",
      "react-dom": "18.1.0",
      "react-native": "0.70.5",
      "react-native-axios": "^0.17.1",
      "react-native-dropdown-picker": "^5.4.4",
      "react-native-gesture-handler": "~2.8.0",
      "react-native-reanimated": "~2.12.0",
      "react-native-safe-area-context": "4.4.1",
      "react-native-screens": "~3.18.0",
      "react-native-web": "~0.18.9",
      "styled-components": "^5.3.6"
    },
    "devDependencies": {
      "@babel/core": "^7.12.9",
      "@types/react": "~18.0.14",
      "@types/react-native": "~0.70.6",
      "@types/styled-components": "^5.1.26",
      "@types/styled-components-react-native": "^5.2.1",
      "typescript": "^4.6.3"
    },
    "private": true
  }

yarn manifest: 
  No manifest

Lockfile: 
  No lockfile
